  [4;36;1mSQL (0.0ms)[0m   [0;1mSET NAMES 'utf8'[0m
  [4;35;1mSQL (0.0ms)[0m   [0mSET SQL_AUTO_IS_NULL=0[0m
  [4;36;1mSQL (31.2ms)[0m   [0;1mSHOW TABLES[0m
  [4;35;1mSQL (156.2ms)[0m   [0mCREATE TABLE `schema_migrations` (`version` varchar(255) NOT NULL) ENGINE=InnoDB[0m
  [4;36;1mSQL (0.0ms)[0m   [0;1mSHOW KEYS FROM `schema_migrations`[0m
  [4;35;1mSQL (203.1ms)[0m   [0mCREATE UNIQUE INDEX `unique_schema_migrations` ON `schema_migrations` (`version`)[0m
  [4;36;1mSQL (0.0ms)[0m   [0;1mSHOW TABLES[0m
  [4;35;1mSQL (0.0ms)[0m   [0mSHOW TABLES[0m
  [4;36;1mSQL (15.6ms)[0m   [0;1mSELECT version FROM schema_migrations[0m
  [4;35;1mSQL (0.0ms)[0m   [0mSHOW TABLES[0m
  [4;36;1mSQL (0.0ms)[0m   [0;1mSET NAMES 'utf8'[0m
  [4;35;1mSQL (0.0ms)[0m   [0mSET SQL_AUTO_IS_NULL=0[0m


Processing UsersController#new (for 127.0.0.1 at 2010-12-07 10:24:33) [GET]
  [4;36;1mUser Columns (0.0ms)[0m   [0;1mMysql::Error: Table 'leavemanagement_development.users' doesn't exist: SHOW FIELDS FROM `users`[0m

ActiveRecord::StatementInvalid (Mysql::Error: Table 'leavemanagement_development.users' doesn't exist: SHOW FIELDS FROM `users`):
  app/controllers/users_controller.rb:8:in `new'
  app/controllers/users_controller.rb:8:in `new'
  c:/Ruby/lib/ruby/1.8/webrick/httpserver.rb:104:in `service'
  c:/Ruby/lib/ruby/1.8/webrick/httpserver.rb:65:in `run'
  c:/Ruby/lib/ruby/1.8/webrick/server.rb:173:in `start_thread'
  c:/Ruby/lib/ruby/1.8/webrick/server.rb:162:in `start'
  c:/Ruby/lib/ruby/1.8/webrick/server.rb:162:in `start_thread'
  c:/Ruby/lib/ruby/1.8/webrick/server.rb:95:in `start'
  c:/Ruby/lib/ruby/1.8/webrick/server.rb:92:in `each'
  c:/Ruby/lib/ruby/1.8/webrick/server.rb:92:in `start'
  c:/Ruby/lib/ruby/1.8/webrick/server.rb:23:in `start'
  c:/Ruby/lib/ruby/1.8/webrick/server.rb:82:in `start'

Rendered rescues/_trace (62.5ms)
Rendered rescues/_request_and_response (0.0ms)
Rendering rescues/layout (internal_server_error)
  [4;36;1mSQL (0.0ms)[0m   [0;1mSET NAMES 'utf8'[0m
  [4;35;1mSQL (0.0ms)[0m   [0mSET SQL_AUTO_IS_NULL=0[0m
  [4;36;1mSQL (0.0ms)[0m   [0;1mSHOW TABLES[0m
  [4;35;1mSQL (0.0ms)[0m   [0mSELECT version FROM schema_migrations[0m
Migrating to CreateUsers (20101207045221)
  [4;36;1mSQL (0.0ms)[0m   [0;1mSHOW TABLES[0m
  [4;35;1mSQL (93.7ms)[0m   [0mCREATE TABLE `users` (`id` int(11) DEFAULT NULL auto_increment PRIMARY KEY, `login` varchar(40), `name` varchar(100) DEFAULT '', `email` varchar(100), `crypted_password` varchar(40), `salt` varchar(40), `created_at` datetime, `updated_at` datetime, `remember_token` varchar(40), `remember_token_expires_at` datetime) ENGINE=InnoDB[0m
  [4;36;1mSQL (15.6ms)[0m   [0;1mSHOW KEYS FROM `users`[0m
  [4;35;1mSQL (187.5ms)[0m   [0mCREATE UNIQUE INDEX `index_users_on_login` ON `users` (`login`)[0m
  [4;36;1mSQL (46.9ms)[0m   [0;1mINSERT INTO schema_migrations (version) VALUES ('20101207045221')[0m
  [4;35;1mSQL (0.0ms)[0m   [0mSHOW TABLES[0m
  [4;36;1mSQL (0.0ms)[0m   [0;1mSELECT version FROM schema_migrations[0m
  [4;35;1mSQL (0.0ms)[0m   [0mSHOW TABLES[0m
  [4;36;1mSQL (31.2ms)[0m   [0;1mSHOW FIELDS FROM `users`[0m
  [4;35;1mSQL (15.6ms)[0m   [0mdescribe `users`[0m
  [4;36;1mSQL (0.0ms)[0m   [0;1mSHOW KEYS FROM `users`[0m
  [4;36;1mSQL (0.0ms)[0m   [0;1mSET NAMES 'utf8'[0m
  [4;35;1mSQL (0.0ms)[0m   [0mSET SQL_AUTO_IS_NULL=0[0m


Processing UsersController#new (for 127.0.0.1 at 2010-12-07 10:25:05) [GET]
  [4;36;1mUser Columns (0.0ms)[0m   [0;1mSHOW FIELDS FROM `users`[0m
Rendering users/new
Completed in 359ms (View: 328, DB: 0) | 200 OK [http://localhost/users/new]
  [4;35;1mSQL (0.0ms)[0m   [0mSET NAMES 'utf8'[0m
  [4;36;1mSQL (0.0ms)[0m   [0;1mSET SQL_AUTO_IS_NULL=0[0m


Processing ApplicationController#index (for 127.0.0.1 at 2010-12-07 13:32:50) [GET]

ActionController::RoutingError (No route matches "/users/1" with {:method=>:get}):
  c:/Ruby/lib/ruby/1.8/webrick/httpserver.rb:104:in `service'
  c:/Ruby/lib/ruby/1.8/webrick/httpserver.rb:65:in `run'
  c:/Ruby/lib/ruby/1.8/webrick/server.rb:173:in `start_thread'
  c:/Ruby/lib/ruby/1.8/webrick/server.rb:162:in `start'
  c:/Ruby/lib/ruby/1.8/webrick/server.rb:162:in `start_thread'
  c:/Ruby/lib/ruby/1.8/webrick/server.rb:95:in `start'
  c:/Ruby/lib/ruby/1.8/webrick/server.rb:92:in `each'
  c:/Ruby/lib/ruby/1.8/webrick/server.rb:92:in `start'
  c:/Ruby/lib/ruby/1.8/webrick/server.rb:23:in `start'
  c:/Ruby/lib/ruby/1.8/webrick/server.rb:82:in `start'

Rendering rescues/layout (not_found)
  [4;35;1mSQL (0.0ms)[0m   [0mSET NAMES 'utf8'[0m
  [4;36;1mSQL (0.0ms)[0m   [0;1mSET SQL_AUTO_IS_NULL=0[0m


Processing ApplicationController#index (for 127.0.0.1 at 2010-12-07 13:33:05) [GET]

ActionController::RoutingError (No route matches "/users/1" with {:method=>:get}):
  c:/Ruby/lib/ruby/1.8/webrick/httpserver.rb:104:in `service'
  c:/Ruby/lib/ruby/1.8/webrick/httpserver.rb:65:in `run'
  c:/Ruby/lib/ruby/1.8/webrick/server.rb:173:in `start_thread'
  c:/Ruby/lib/ruby/1.8/webrick/server.rb:162:in `start'
  c:/Ruby/lib/ruby/1.8/webrick/server.rb:162:in `start_thread'
  c:/Ruby/lib/ruby/1.8/webrick/server.rb:95:in `start'
  c:/Ruby/lib/ruby/1.8/webrick/server.rb:92:in `each'
  c:/Ruby/lib/ruby/1.8/webrick/server.rb:92:in `start'
  c:/Ruby/lib/ruby/1.8/webrick/server.rb:23:in `start'
  c:/Ruby/lib/ruby/1.8/webrick/server.rb:82:in `start'

Rendering rescues/layout (not_found)
  [4;36;1mSQL (0.0ms)[0m   [0;1mSET NAMES 'utf8'[0m
  [4;35;1mSQL (0.0ms)[0m   [0mSET SQL_AUTO_IS_NULL=0[0m
  [4;36;1mSQL (15.6ms)[0m   [0;1mSHOW TABLES[0m
  [4;35;1mSQL (15.6ms)[0m   [0mSELECT version FROM schema_migrations[0m
Migrating to CreateLeaves (20101207045820)
  [4;36;1mSQL (109.4ms)[0m   [0;1mCREATE TABLE `leaves` (`id` int(11) DEFAULT NULL auto_increment PRIMARY KEY, `leave_type` varchar(50) NOT NULL, `employee_id` int(11) NOT NULL, `casual_leaves` int(11) NOT NULL, `privileged_leaves` int(11) NOT NULL, `sick_leaves` int(11) NOT NULL, `earned_leaves` int(11) NOT NULL, `year` int(11) NOT NULL, `created_at` datetime, `updated_at` datetime) ENGINE=InnoDB[0m
  [4;35;1mSQL (31.3ms)[0m   [0mINSERT INTO schema_migrations (version) VALUES ('20101207045820')[0m
Migrating to CreateEmployees (20101207051408)
  [4;36;1mSQL (0.0ms)[0m   [0;1mSHOW TABLES[0m
  [4;35;1mSQL (78.1ms)[0m   [0mCREATE TABLE `employees` (`id` int(11) DEFAULT NULL auto_increment PRIMARY KEY, `login` varchar(40), `name` varchar(100) DEFAULT '', `email` varchar(100), `designation` varchar(50) NOT NULL, `joining_date` datetime NOT NULL, `approving_manager_id` int(11), `crypted_password` varchar(40), `salt` varchar(40), `created_at` datetime, `updated_at` datetime, `remember_token` varchar(40), `remember_token_expires_at` datetime) ENGINE=InnoDB[0m
  [4;36;1mSQL (0.0ms)[0m   [0;1mSHOW KEYS FROM `employees`[0m
  [4;35;1mSQL (203.1ms)[0m   [0mCREATE UNIQUE INDEX `index_employees_on_login` ON `employees` (`login`)[0m
  [4;36;1mSQL (93.8ms)[0m   [0;1mINSERT INTO schema_migrations (version) VALUES ('20101207051408')[0m
Migrating to CreatePendingLeaveRequests (20101207054340)
  [4;35;1mSQL (78.1ms)[0m   [0mCREATE TABLE `pending_leave_requests` (`id` int(11) DEFAULT NULL auto_increment PRIMARY KEY, `leave_id` int(11) NOT NULL, `employee_id` int(11) NOT NULL, `created_at` datetime, `updated_at` datetime) ENGINE=InnoDB[0m
  [4;36;1mSQL (31.2ms)[0m   [0;1mINSERT INTO schema_migrations (version) VALUES ('20101207054340')[0m
Migrating to CreateApprovedLeaves (20101207054722)
  [4;35;1mSQL (93.8ms)[0m   [0mCREATE TABLE `approved_leaves` (`id` int(11) DEFAULT NULL auto_increment PRIMARY KEY, `leave_id` int(11) NOT NULL, `employee_id` int(11) NOT NULL, `created_at` datetime, `updated_at` datetime) ENGINE=InnoDB[0m
  [4;36;1mSQL (31.3ms)[0m   [0;1mINSERT INTO schema_migrations (version) VALUES ('20101207054722')[0m
Migrating to CreateRejectedLeaves (20101207054735)
  [4;35;1mSQL (78.1ms)[0m   [0mCREATE TABLE `rejected_leaves` (`id` int(11) DEFAULT NULL auto_increment PRIMARY KEY, `leave_id` int(11) NOT NULL, `employee_id` int(11) NOT NULL, `created_at` datetime, `updated_at` datetime) ENGINE=InnoDB[0m
  [4;36;1mSQL (31.2ms)[0m   [0;1mINSERT INTO schema_migrations (version) VALUES ('20101207054735')[0m
  [4;35;1mSQL (0.0ms)[0m   [0mSHOW TABLES[0m
  [4;36;1mSQL (15.6ms)[0m   [0;1mSELECT version FROM schema_migrations[0m
  [4;35;1mSQL (0.0ms)[0m   [0mSHOW TABLES[0m
  [4;36;1mSQL (0.0ms)[0m   [0;1mSHOW FIELDS FROM `approved_leaves`[0m
  [4;35;1mSQL (15.6ms)[0m   [0mdescribe `approved_leaves`[0m
  [4;36;1mSQL (0.0ms)[0m   [0;1mSHOW KEYS FROM `approved_leaves`[0m
  [4;35;1mSQL (0.0ms)[0m   [0mSHOW FIELDS FROM `employees`[0m
  [4;36;1mSQL (15.6ms)[0m   [0;1mdescribe `employees`[0m
  [4;35;1mSQL (0.0ms)[0m   [0mSHOW KEYS FROM `employees`[0m
  [4;36;1mSQL (15.6ms)[0m   [0;1mSHOW FIELDS FROM `leaves`[0m
  [4;35;1mSQL (0.0ms)[0m   [0mdescribe `leaves`[0m
  [4;36;1mSQL (0.0ms)[0m   [0;1mSHOW KEYS FROM `leaves`[0m
  [4;35;1mSQL (15.6ms)[0m   [0mSHOW FIELDS FROM `pending_leave_requests`[0m
  [4;36;1mSQL (0.0ms)[0m   [0;1mdescribe `pending_leave_requests`[0m
  [4;35;1mSQL (15.6ms)[0m   [0mSHOW KEYS FROM `pending_leave_requests`[0m
  [4;36;1mSQL (0.0ms)[0m   [0;1mSHOW FIELDS FROM `rejected_leaves`[0m
  [4;35;1mSQL (0.0ms)[0m   [0mdescribe `rejected_leaves`[0m
  [4;36;1mSQL (15.6ms)[0m   [0;1mSHOW KEYS FROM `rejected_leaves`[0m
  [4;35;1mSQL (15.6ms)[0m   [0mSHOW FIELDS FROM `users`[0m
  [4;36;1mSQL (0.0ms)[0m   [0;1mdescribe `users`[0m
  [4;35;1mSQL (0.0ms)[0m   [0mSHOW KEYS FROM `users`[0m
  [4;36;1mSQL (0.0ms)[0m   [0;1mSET NAMES 'utf8'[0m
  [4;35;1mSQL (0.0ms)[0m   [0mSET SQL_AUTO_IS_NULL=0[0m
  [4;36;1mSQL (0.0ms)[0m   [0;1mSHOW TABLES[0m
  [4;35;1mSQL (0.0ms)[0m   [0mSELECT version FROM schema_migrations[0m
  [4;36;1mSQL (0.0ms)[0m   [0;1mSHOW TABLES[0m
  [4;35;1mSQL (0.0ms)[0m   [0mSELECT version FROM schema_migrations[0m
  [4;36;1mSQL (0.0ms)[0m   [0;1mSHOW TABLES[0m
  [4;35;1mSQL (0.0ms)[0m   [0mSELECT version FROM schema_migrations[0m
Migrating to CreateRejectedLeaves (20101207054735)
  [4;36;1mSQL (31.2ms)[0m   [0;1mDROP TABLE `rejected_leaves`[0m
  [4;35;1mSQL (46.9ms)[0m   [0mDELETE FROM schema_migrations WHERE version = '20101207054735'[0m
Migrating to CreateApprovedLeaves (20101207054722)
  [4;36;1mSQL (31.2ms)[0m   [0;1mDROP TABLE `approved_leaves`[0m
  [4;35;1mSQL (31.3ms)[0m   [0mDELETE FROM schema_migrations WHERE version = '20101207054722'[0m
Migrating to CreatePendingLeaveRequests (20101207054340)
  [4;36;1mSQL (31.2ms)[0m   [0;1mDROP TABLE `pending_leave_requests`[0m
  [4;35;1mSQL (31.3ms)[0m   [0mDELETE FROM schema_migrations WHERE version = '20101207054340'[0m
Migrating to CreateEmployees (20101207051408)
  [4;36;1mSQL (46.9ms)[0m   [0;1mDROP TABLE `employees`[0m
  [4;35;1mSQL (31.3ms)[0m   [0mDELETE FROM schema_migrations WHERE version = '20101207051408'[0m
Migrating to CreateLeaves (20101207045820)
  [4;36;1mSQL (31.2ms)[0m   [0;1mDROP TABLE `leaves`[0m
  [4;35;1mSQL (31.3ms)[0m   [0mDELETE FROM schema_migrations WHERE version = '20101207045820'[0m
  [4;36;1mSQL (0.0ms)[0m   [0;1mSHOW TABLES[0m
  [4;35;1mSQL (0.0ms)[0m   [0mSELECT version FROM schema_migrations[0m
  [4;36;1mSQL (0.0ms)[0m   [0;1mSHOW TABLES[0m
  [4;35;1mSQL (15.6ms)[0m   [0mSHOW FIELDS FROM `users`[0m
  [4;36;1mSQL (0.0ms)[0m   [0;1mdescribe `users`[0m
  [4;35;1mSQL (15.6ms)[0m   [0mSHOW KEYS FROM `users`[0m
  [4;36;1mSQL (0.0ms)[0m   [0;1mSET NAMES 'utf8'[0m
  [4;35;1mSQL (0.0ms)[0m   [0mSET SQL_AUTO_IS_NULL=0[0m
  [4;36;1mSQL (0.0ms)[0m   [0;1mSHOW TABLES[0m
  [4;35;1mSQL (0.0ms)[0m   [0mSELECT version FROM schema_migrations[0m
Migrating to CreateLeaves (20101207045820)
  [4;36;1mSQL (62.5ms)[0m   [0;1mCREATE TABLE `leaves` (`id` int(11) DEFAULT NULL auto_increment PRIMARY KEY, `leave_type` varchar(50) NOT NULL, `employee_id` int(11) NOT NULL, `casual_leaves` int(11) NOT NULL, `privileged_leaves` int(11) NOT NULL, `sick_leaves` int(11) NOT NULL, `earned_leaves` int(11) NOT NULL, `year` int(11) NOT NULL, `created_at` datetime, `updated_at` datetime) ENGINE=InnoDB[0m
  [4;35;1mSQL (31.2ms)[0m   [0mINSERT INTO schema_migrations (version) VALUES ('20101207045820')[0m
Migrating to CreateEmployees (20101207051408)
  [4;36;1mSQL (0.0ms)[0m   [0;1mSHOW TABLES[0m
  [4;35;1mSQL (62.5ms)[0m   [0mCREATE TABLE `employees` (`id` int(11) DEFAULT NULL auto_increment PRIMARY KEY, `login` varchar(40), `name` varchar(100) DEFAULT '', `email` varchar(100), `designation` varchar(50) NOT NULL, `joining_date` datetime NOT NULL, `approving_manager_id` int(11), `crypted_password` varchar(40), `salt` varchar(40), `created_at` datetime, `updated_at` datetime, `remember_token` varchar(40), `remember_token_expires_at` datetime) ENGINE=InnoDB[0m
  [4;36;1mSQL (0.0ms)[0m   [0;1mSHOW KEYS FROM `employees`[0m
  [4;35;1mSQL (203.1ms)[0m   [0mCREATE UNIQUE INDEX `index_employees_on_login` ON `employees` (`login`)[0m
  [4;36;1mSQL (31.2ms)[0m   [0;1mINSERT INTO schema_migrations (version) VALUES ('20101207051408')[0m
Migrating to CreatePendingLeaveRequests (20101207054340)
  [4;35;1mSQL (62.5ms)[0m   [0mCREATE TABLE `pending_leave_requests` (`id` int(11) DEFAULT NULL auto_increment PRIMARY KEY, `leave_id` int(11) NOT NULL, `employee_id` int(11) NOT NULL, `created_at` datetime, `updated_at` datetime) ENGINE=InnoDB[0m
  [4;36;1mSQL (31.2ms)[0m   [0;1mINSERT INTO schema_migrations (version) VALUES ('20101207054340')[0m
Migrating to CreateApprovedLeaves (20101207054722)
  [4;35;1mSQL (46.9ms)[0m   [0mCREATE TABLE `approved_leaves` (`id` int(11) DEFAULT NULL auto_increment PRIMARY KEY, `leave_id` int(11) NOT NULL, `employee_id` int(11) NOT NULL, `created_at` datetime, `updated_at` datetime) ENGINE=InnoDB[0m
  [4;36;1mSQL (31.3ms)[0m   [0;1mINSERT INTO schema_migrations (version) VALUES ('20101207054722')[0m
Migrating to CreateRejectedLeaves (20101207054735)
  [4;35;1mSQL (46.9ms)[0m   [0mCREATE TABLE `rejected_leaves` (`id` int(11) DEFAULT NULL auto_increment PRIMARY KEY, `leave_id` int(11) NOT NULL, `employee_id` int(11) NOT NULL, `created_at` datetime, `updated_at` datetime) ENGINE=InnoDB[0m
  [4;36;1mSQL (31.3ms)[0m   [0;1mINSERT INTO schema_migrations (version) VALUES ('20101207054735')[0m
  [4;35;1mSQL (0.0ms)[0m   [0mSHOW TABLES[0m
  [4;36;1mSQL (0.0ms)[0m   [0;1mSELECT version FROM schema_migrations[0m
  [4;35;1mSQL (0.0ms)[0m   [0mSHOW TABLES[0m
  [4;36;1mSQL (0.0ms)[0m   [0;1mSHOW FIELDS FROM `approved_leaves`[0m
  [4;35;1mSQL (15.6ms)[0m   [0mdescribe `approved_leaves`[0m
  [4;36;1mSQL (0.0ms)[0m   [0;1mSHOW KEYS FROM `approved_leaves`[0m
  [4;35;1mSQL (0.0ms)[0m   [0mSHOW FIELDS FROM `employees`[0m
  [4;36;1mSQL (15.6ms)[0m   [0;1mdescribe `employees`[0m
  [4;35;1mSQL (0.0ms)[0m   [0mSHOW KEYS FROM `employees`[0m
  [4;36;1mSQL (15.6ms)[0m   [0;1mSHOW FIELDS FROM `leaves`[0m
  [4;35;1mSQL (0.0ms)[0m   [0mdescribe `leaves`[0m
  [4;36;1mSQL (0.0ms)[0m   [0;1mSHOW KEYS FROM `leaves`[0m
  [4;35;1mSQL (0.0ms)[0m   [0mSHOW FIELDS FROM `pending_leave_requests`[0m
  [4;36;1mSQL (0.0ms)[0m   [0;1mdescribe `pending_leave_requests`[0m
  [4;35;1mSQL (15.6ms)[0m   [0mSHOW KEYS FROM `pending_leave_requests`[0m
  [4;36;1mSQL (0.0ms)[0m   [0;1mSHOW FIELDS FROM `rejected_leaves`[0m
  [4;35;1mSQL (15.6ms)[0m   [0mdescribe `rejected_leaves`[0m
  [4;36;1mSQL (0.0ms)[0m   [0;1mSHOW KEYS FROM `rejected_leaves`[0m
  [4;35;1mSQL (0.0ms)[0m   [0mSET NAMES 'utf8'[0m
  [4;36;1mSQL (0.0ms)[0m   [0;1mSET SQL_AUTO_IS_NULL=0[0m


Processing ApplicationController#index (for 127.0.0.1 at 2010-12-07 17:14:42) [GET]

ActionController::RoutingError (No route matches "/users/new" with {:method=>:get}):
  c:/Ruby/lib/ruby/1.8/webrick/httpserver.rb:104:in `service'
  c:/Ruby/lib/ruby/1.8/webrick/httpserver.rb:65:in `run'
  c:/Ruby/lib/ruby/1.8/webrick/server.rb:173:in `start_thread'
  c:/Ruby/lib/ruby/1.8/webrick/server.rb:162:in `start'
  c:/Ruby/lib/ruby/1.8/webrick/server.rb:162:in `start_thread'
  c:/Ruby/lib/ruby/1.8/webrick/server.rb:95:in `start'
  c:/Ruby/lib/ruby/1.8/webrick/server.rb:92:in `each'
  c:/Ruby/lib/ruby/1.8/webrick/server.rb:92:in `start'
  c:/Ruby/lib/ruby/1.8/webrick/server.rb:23:in `start'
  c:/Ruby/lib/ruby/1.8/webrick/server.rb:82:in `start'

Rendering rescues/layout (not_found)
  [4;35;1mSQL (0.0ms)[0m   [0mSET NAMES 'utf8'[0m
  [4;36;1mSQL (0.0ms)[0m   [0;1mSET SQL_AUTO_IS_NULL=0[0m


Processing ApplicationController#index (for 127.0.0.1 at 2010-12-07 17:14:55) [GET]

ActionController::RoutingError (No route matches "/user/new" with {:method=>:get}):
  c:/Ruby/lib/ruby/1.8/webrick/httpserver.rb:104:in `service'
  c:/Ruby/lib/ruby/1.8/webrick/httpserver.rb:65:in `run'
  c:/Ruby/lib/ruby/1.8/webrick/server.rb:173:in `start_thread'
  c:/Ruby/lib/ruby/1.8/webrick/server.rb:162:in `start'
  c:/Ruby/lib/ruby/1.8/webrick/server.rb:162:in `start_thread'
  c:/Ruby/lib/ruby/1.8/webrick/server.rb:95:in `start'
  c:/Ruby/lib/ruby/1.8/webrick/server.rb:92:in `each'
  c:/Ruby/lib/ruby/1.8/webrick/server.rb:92:in `start'
  c:/Ruby/lib/ruby/1.8/webrick/server.rb:23:in `start'
  c:/Ruby/lib/ruby/1.8/webrick/server.rb:82:in `start'

Rendering rescues/layout (not_found)
  [4;35;1mSQL (0.0ms)[0m   [0mSET NAMES 'utf8'[0m
  [4;36;1mSQL (0.0ms)[0m   [0;1mSET SQL_AUTO_IS_NULL=0[0m


Processing EmployeesController#new (for 127.0.0.1 at 2010-12-07 17:15:09) [GET]
  [4;35;1mEmployee Columns (15.6ms)[0m   [0mSHOW FIELDS FROM `employees`[0m
Rendering employees/new
Completed in 5640ms (View: 1062, DB: 16) | 200 OK [http://localhost/employees/new]
  [4;36;1mSQL (0.0ms)[0m   [0;1mSET NAMES 'utf8'[0m
  [4;35;1mSQL (0.0ms)[0m   [0mSET SQL_AUTO_IS_NULL=0[0m


Processing EmployeesController#new (for 127.0.0.1 at 2010-12-07 17:15:36) [GET]
  [4;36;1mEmployee Columns (0.0ms)[0m   [0;1mSHOW FIELDS FROM `employees`[0m
Rendering employees/new

ActionView::TemplateError (undefined method `select_date' for #<ActionView::Helpers::FormBuilder:0x46f5930>) on line #19 of app/views/employees/new.html.erb:
16: <%= f.password_field :password_confirmation %></p>
17: 
18: <p><%= f.label :joining_date %><br/>
19: <%= f.select_date :joining_date %></p>
20: 
21: <p><%= submit_tag 'Sign up' %></p>
22: <% end -%>

    app/views/employees/new.html.erb:19
    app/views/employees/new.html.erb:5
    c:/Ruby/lib/ruby/1.8/webrick/httpserver.rb:104:in `service'
    c:/Ruby/lib/ruby/1.8/webrick/httpserver.rb:65:in `run'
    c:/Ruby/lib/ruby/1.8/webrick/server.rb:173:in `start_thread'
    c:/Ruby/lib/ruby/1.8/webrick/server.rb:162:in `start'
    c:/Ruby/lib/ruby/1.8/webrick/server.rb:162:in `start_thread'
    c:/Ruby/lib/ruby/1.8/webrick/server.rb:95:in `start'
    c:/Ruby/lib/ruby/1.8/webrick/server.rb:92:in `each'
    c:/Ruby/lib/ruby/1.8/webrick/server.rb:92:in `start'
    c:/Ruby/lib/ruby/1.8/webrick/server.rb:23:in `start'
    c:/Ruby/lib/ruby/1.8/webrick/server.rb:82:in `start'

Rendered rescues/_trace (78.1ms)
Rendered rescues/_request_and_response (31.2ms)
Rendering rescues/layout (internal_server_error)
  [4;35;1mSQL (0.0ms)[0m   [0mSET NAMES 'utf8'[0m
  [4;36;1mSQL (0.0ms)[0m   [0;1mSET SQL_AUTO_IS_NULL=0[0m


Processing EmployeesController#new (for 127.0.0.1 at 2010-12-07 17:16:37) [GET]
  [4;35;1mEmployee Columns (0.0ms)[0m   [0mSHOW FIELDS FROM `employees`[0m
Rendering employees/new

ActionView::TemplateError (undefined method `day' for :joining_date:Symbol) on line #19 of app/views/employees/new.html.erb:
16: <%= f.password_field :password_confirmation %></p>
17: 
18: <p><%= f.label :joining_date %><br/>
19: <%= select_date :joining_date %></p>
20: 
21: <p><%= submit_tag 'Sign up' %></p>
22: <% end -%>

    app/views/employees/new.html.erb:19
    app/views/employees/new.html.erb:5
    c:/Ruby/lib/ruby/1.8/webrick/httpserver.rb:104:in `service'
    c:/Ruby/lib/ruby/1.8/webrick/httpserver.rb:65:in `run'
    c:/Ruby/lib/ruby/1.8/webrick/server.rb:173:in `start_thread'
    c:/Ruby/lib/ruby/1.8/webrick/server.rb:162:in `start'
    c:/Ruby/lib/ruby/1.8/webrick/server.rb:162:in `start_thread'
    c:/Ruby/lib/ruby/1.8/webrick/server.rb:95:in `start'
    c:/Ruby/lib/ruby/1.8/webrick/server.rb:92:in `each'
    c:/Ruby/lib/ruby/1.8/webrick/server.rb:92:in `start'
    c:/Ruby/lib/ruby/1.8/webrick/server.rb:23:in `start'
    c:/Ruby/lib/ruby/1.8/webrick/server.rb:82:in `start'

Rendered rescues/_trace (203.1ms)
Rendered rescues/_request_and_response (0.0ms)
Rendering rescues/layout (internal_server_error)
  [4;36;1mSQL (0.0ms)[0m   [0;1mSET NAMES 'utf8'[0m
  [4;35;1mSQL (15.6ms)[0m   [0mSET SQL_AUTO_IS_NULL=0[0m


Processing EmployeesController#new (for 127.0.0.1 at 2010-12-07 17:16:50) [GET]
  [4;36;1mEmployee Columns (0.0ms)[0m   [0;1mSHOW FIELDS FROM `employees`[0m
Rendering employees/new
Completed in 47ms (View: 16, DB: 16) | 200 OK [http://localhost/employees/new]
  [4;35;1mSQL (0.0ms)[0m   [0mSET NAMES 'utf8'[0m
  [4;36;1mSQL (0.0ms)[0m   [0;1mSET SQL_AUTO_IS_NULL=0[0m


Processing EmployeesController#new (for 127.0.0.1 at 2010-12-07 17:17:20) [GET]
  [4;35;1mEmployee Columns (0.0ms)[0m   [0mSHOW FIELDS FROM `employees`[0m
Rendering employees/new
Completed in 62ms (View: 31, DB: 0) | 200 OK [http://localhost/employees/new]
  [4;36;1mSQL (0.0ms)[0m   [0;1mSET NAMES 'utf8'[0m
  [4;35;1mSQL (0.0ms)[0m   [0mSET SQL_AUTO_IS_NULL=0[0m


Processing EmployeesController#new (for 127.0.0.1 at 2010-12-07 17:17:22) [GET]
  [4;36;1mEmployee Columns (0.0ms)[0m   [0;1mSHOW FIELDS FROM `employees`[0m
Rendering employees/new
Completed in 47ms (View: 16, DB: 0) | 200 OK [http://localhost/employees/new]
  [4;35;1mSQL (0.0ms)[0m   [0mSET NAMES 'utf8'[0m
  [4;36;1mSQL (0.0ms)[0m   [0;1mSET SQL_AUTO_IS_NULL=0[0m


Processing EmployeesController#new (for 127.0.0.1 at 2010-12-07 17:17:33) [GET]
  [4;35;1mEmployee Columns (0.0ms)[0m   [0mSHOW FIELDS FROM `employees`[0m
Rendering employees/new

ActionView::TemplateError (undefined method `dat_select' for #<ActionView::Helpers::FormBuilder:0x4722a20>) on line #19 of app/views/employees/new.html.erb:
16: <%= f.password_field :password_confirmation %></p>
17: 
18: <p><%= f.label :joining_date %><br/>
19: <%= f.dat_select :joining_date %></p>
20: 
21: <p><%= submit_tag 'Sign up' %></p>
22: <% end -%>

    app/views/employees/new.html.erb:19
    app/views/employees/new.html.erb:5
    c:/Ruby/lib/ruby/1.8/webrick/httpserver.rb:104:in `service'
    c:/Ruby/lib/ruby/1.8/webrick/httpserver.rb:65:in `run'
    c:/Ruby/lib/ruby/1.8/webrick/server.rb:173:in `start_thread'
    c:/Ruby/lib/ruby/1.8/webrick/server.rb:162:in `start'
    c:/Ruby/lib/ruby/1.8/webrick/server.rb:162:in `start_thread'
    c:/Ruby/lib/ruby/1.8/webrick/server.rb:95:in `start'
    c:/Ruby/lib/ruby/1.8/webrick/server.rb:92:in `each'
    c:/Ruby/lib/ruby/1.8/webrick/server.rb:92:in `start'
    c:/Ruby/lib/ruby/1.8/webrick/server.rb:23:in `start'
    c:/Ruby/lib/ruby/1.8/webrick/server.rb:82:in `start'

Rendered rescues/_trace (171.9ms)
Rendered rescues/_request_and_response (0.0ms)
Rendering rescues/layout (internal_server_error)
  [4;36;1mSQL (0.0ms)[0m   [0;1mSET NAMES 'utf8'[0m
  [4;35;1mSQL (0.0ms)[0m   [0mSET SQL_AUTO_IS_NULL=0[0m


Processing EmployeesController#new (for 127.0.0.1 at 2010-12-07 17:17:37) [GET]
  [4;36;1mEmployee Columns (15.6ms)[0m   [0;1mSHOW FIELDS FROM `employees`[0m
Rendering employees/new
Completed in 47ms (View: 16, DB: 16) | 200 OK [http://localhost/employees/new]
  [4;36;1mSQL (0.0ms)[0m   [0;1mSET NAMES 'utf8'[0m
  [4;35;1mSQL (0.0ms)[0m   [0mSET SQL_AUTO_IS_NULL=0[0m
  [4;36;1mSQL (0.0ms)[0m   [0;1mSHOW TABLES[0m
  [4;35;1mSQL (15.6ms)[0m   [0mSELECT version FROM schema_migrations[0m
  [4;36;1mSQL (0.0ms)[0m   [0;1mSHOW TABLES[0m
  [4;35;1mSQL (0.0ms)[0m   [0mSELECT version FROM schema_migrations[0m
  [4;36;1mSQL (0.0ms)[0m   [0;1mSHOW TABLES[0m
  [4;35;1mSQL (0.0ms)[0m   [0mSELECT version FROM schema_migrations[0m
Migrating to CreateRejectedLeaves (20101207054735)
  [4;36;1mSQL (62.5ms)[0m   [0;1mDROP TABLE `rejected_leaves`[0m
  [4;35;1mSQL (31.3ms)[0m   [0mDELETE FROM schema_migrations WHERE version = '20101207054735'[0m
Migrating to CreateApprovedLeaves (20101207054722)
  [4;36;1mSQL (31.3ms)[0m   [0;1mDROP TABLE `approved_leaves`[0m
  [4;35;1mSQL (31.3ms)[0m   [0mDELETE FROM schema_migrations WHERE version = '20101207054722'[0m
Migrating to CreatePendingLeaveRequests (20101207054340)
  [4;36;1mSQL (46.9ms)[0m   [0;1mDROP TABLE `pending_leave_requests`[0m
  [4;35;1mSQL (31.3ms)[0m   [0mDELETE FROM schema_migrations WHERE version = '20101207054340'[0m
Migrating to CreateEmployees (20101207051408)
  [4;36;1mSQL (46.9ms)[0m   [0;1mDROP TABLE `employees`[0m
  [4;35;1mSQL (31.2ms)[0m   [0mDELETE FROM schema_migrations WHERE version = '20101207051408'[0m
Migrating to CreateLeaves (20101207045820)
  [4;36;1mSQL (31.3ms)[0m   [0;1mDROP TABLE `leaves`[0m
  [4;35;1mSQL (78.1ms)[0m   [0mDELETE FROM schema_migrations WHERE version = '20101207045820'[0m
  [4;36;1mSQL (0.0ms)[0m   [0;1mSHOW TABLES[0m
  [4;35;1mSQL (0.0ms)[0m   [0mSELECT version FROM schema_migrations[0m
  [4;36;1mSQL (0.0ms)[0m   [0;1mSHOW TABLES[0m
  [4;36;1mSQL (0.0ms)[0m   [0;1mSET NAMES 'utf8'[0m
  [4;35;1mSQL (0.0ms)[0m   [0mSET SQL_AUTO_IS_NULL=0[0m
  [4;36;1mSQL (0.0ms)[0m   [0;1mSHOW TABLES[0m
  [4;35;1mSQL (0.0ms)[0m   [0mSELECT version FROM schema_migrations[0m
Migrating to CreateLeaves (20101207045820)
  [4;36;1mSQL (62.5ms)[0m   [0;1mCREATE TABLE `leaves` (`id` int(11) DEFAULT NULL auto_increment PRIMARY KEY, `leave_type` varchar(50) NOT NULL, `employee_id` int(11) DEFAULT 0 NOT NULL, `casual_leaves` int(11) DEFAULT 0 NOT NULL, `privileged_leaves` int(11) DEFAULT 0 NOT NULL, `sick_leaves` int(11) DEFAULT 0 NOT NULL, `earned_leaves` int(11) DEFAULT 0 NOT NULL, `year` int(11) DEFAULT 0 NOT NULL, `created_at` datetime, `updated_at` datetime) ENGINE=InnoDB[0m
  [4;35;1mSQL (15.6ms)[0m   [0mINSERT INTO schema_migrations (version) VALUES ('20101207045820')[0m
Migrating to CreateEmployees (20101207051408)
  [4;36;1mSQL (0.0ms)[0m   [0;1mSHOW TABLES[0m
  [4;35;1mSQL (0.0ms)[0m   [0mMysql::Error: Invalid default value for 'joining_date': CREATE TABLE `employees` (`id` int(11) DEFAULT NULL auto_increment PRIMARY KEY, `login` varchar(40), `name` varchar(100) DEFAULT '', `email` varchar(100), `designation` varchar(50) DEFAULT '' NOT NULL, `joining_date` datetime DEFAULT '' NOT NULL, `approving_manager_id` int(11), `crypted_password` varchar(40), `salt` varchar(40), `created_at` datetime, `updated_at` datetime, `remember_token` varchar(40), `remember_token_expires_at` datetime) ENGINE=InnoDB[0m
  [4;36;1mSQL (0.0ms)[0m   [0;1mSET NAMES 'utf8'[0m
  [4;35;1mSQL (15.6ms)[0m   [0mSET SQL_AUTO_IS_NULL=0[0m
  [4;36;1mSQL (0.0ms)[0m   [0;1mSHOW TABLES[0m
  [4;35;1mSQL (0.0ms)[0m   [0mSELECT version FROM schema_migrations[0m
Migrating to CreateLeaves (20101207045820)
Migrating to CreateEmployees (20101207051408)
  [4;36;1mSQL (0.0ms)[0m   [0;1mSHOW TABLES[0m
  [4;35;1mSQL (93.8ms)[0m   [0mCREATE TABLE `employees` (`id` int(11) DEFAULT NULL auto_increment PRIMARY KEY, `login` varchar(40), `name` varchar(100) DEFAULT '', `email` varchar(100), `designation` varchar(50) DEFAULT '' NOT NULL, `joining_date` datetime DEFAULT '0000-00-00' NOT NULL, `approving_manager_id` int(11), `crypted_password` varchar(40), `salt` varchar(40), `created_at` datetime, `updated_at` datetime, `remember_token` varchar(40), `remember_token_expires_at` datetime) ENGINE=InnoDB[0m
  [4;36;1mSQL (0.0ms)[0m   [0;1mSHOW KEYS FROM `employees`[0m
  [4;35;1mSQL (187.5ms)[0m   [0mCREATE UNIQUE INDEX `index_employees_on_login` ON `employees` (`login`)[0m
  [4;36;1mSQL (31.3ms)[0m   [0;1mINSERT INTO schema_migrations (version) VALUES ('20101207051408')[0m
Migrating to CreatePendingLeaveRequests (20101207054340)
  [4;35;1mSQL (78.1ms)[0m   [0mCREATE TABLE `pending_leave_requests` (`id` int(11) DEFAULT NULL auto_increment PRIMARY KEY, `leave_id` int(11) DEFAULT 0 NOT NULL, `employee_id` int(11) DEFAULT 0 NOT NULL, `created_at` datetime, `updated_at` datetime) ENGINE=InnoDB[0m
  [4;36;1mSQL (31.2ms)[0m   [0;1mINSERT INTO schema_migrations (version) VALUES ('20101207054340')[0m
Migrating to CreateApprovedLeaves (20101207054722)
  [4;35;1mSQL (62.5ms)[0m   [0mCREATE TABLE `approved_leaves` (`id` int(11) DEFAULT NULL auto_increment PRIMARY KEY, `leave_id` int(11) DEFAULT 0 NOT NULL, `employee_id` int(11) DEFAULT 0 NOT NULL, `created_at` datetime, `updated_at` datetime) ENGINE=InnoDB[0m
  [4;36;1mSQL (31.3ms)[0m   [0;1mINSERT INTO schema_migrations (version) VALUES ('20101207054722')[0m
Migrating to CreateRejectedLeaves (20101207054735)
  [4;35;1mSQL (93.8ms)[0m   [0mCREATE TABLE `rejected_leaves` (`id` int(11) DEFAULT NULL auto_increment PRIMARY KEY, `leave_id` int(11) DEFAULT 0 NOT NULL, `employee_id` int(11) DEFAULT 0 NOT NULL, `created_at` datetime, `updated_at` datetime) ENGINE=InnoDB[0m
  [4;36;1mSQL (31.3ms)[0m   [0;1mINSERT INTO schema_migrations (version) VALUES ('20101207054735')[0m
  [4;35;1mSQL (0.0ms)[0m   [0mSHOW TABLES[0m
  [4;36;1mSQL (0.0ms)[0m   [0;1mSELECT version FROM schema_migrations[0m
  [4;35;1mSQL (0.0ms)[0m   [0mSHOW TABLES[0m
  [4;36;1mSQL (0.0ms)[0m   [0;1mSHOW FIELDS FROM `approved_leaves`[0m
  [4;35;1mSQL (15.6ms)[0m   [0mdescribe `approved_leaves`[0m
  [4;36;1mSQL (0.0ms)[0m   [0;1mSHOW KEYS FROM `approved_leaves`[0m
  [4;35;1mSQL (0.0ms)[0m   [0mSHOW FIELDS FROM `employees`[0m
  [4;36;1mSQL (15.6ms)[0m   [0;1mdescribe `employees`[0m
  [4;35;1mSQL (0.0ms)[0m   [0mSHOW KEYS FROM `employees`[0m
  [4;36;1mSQL (0.0ms)[0m   [0;1mSHOW FIELDS FROM `leaves`[0m
  [4;35;1mSQL (0.0ms)[0m   [0mdescribe `leaves`[0m
  [4;36;1mSQL (0.0ms)[0m   [0;1mSHOW KEYS FROM `leaves`[0m
  [4;35;1mSQL (15.6ms)[0m   [0mSHOW FIELDS FROM `pending_leave_requests`[0m
  [4;36;1mSQL (0.0ms)[0m   [0;1mdescribe `pending_leave_requests`[0m
  [4;35;1mSQL (0.0ms)[0m   [0mSHOW KEYS FROM `pending_leave_requests`[0m
  [4;36;1mSQL (0.0ms)[0m   [0;1mSHOW FIELDS FROM `rejected_leaves`[0m
  [4;35;1mSQL (0.0ms)[0m   [0mdescribe `rejected_leaves`[0m
  [4;36;1mSQL (15.6ms)[0m   [0;1mSHOW KEYS FROM `rejected_leaves`[0m
  [4;36;1mSQL (0.0ms)[0m   [0;1mSET NAMES 'utf8'[0m
  [4;35;1mSQL (0.0ms)[0m   [0mSET SQL_AUTO_IS_NULL=0[0m
  [4;36;1mSQL (0.0ms)[0m   [0;1mSHOW TABLES[0m
  [4;35;1mSQL (78.1ms)[0m   [0mCREATE TABLE `approved_leaves` (`id` int(11) DEFAULT NULL auto_increment PRIMARY KEY, `leave_id` int(11) DEFAULT 0 NOT NULL, `employee_id` int(11) DEFAULT 0 NOT NULL, `created_at` datetime, `updated_at` datetime) ENGINE=InnoDB[0m
  [4;36;1mSQL (0.0ms)[0m   [0;1mSHOW TABLES[0m
  [4;35;1mSQL (62.5ms)[0m   [0mCREATE TABLE `employees` (`id` int(11) DEFAULT NULL auto_increment PRIMARY KEY, `login` varchar(40), `name` varchar(100) DEFAULT '', `email` varchar(100), `designation` varchar(50) DEFAULT '' NOT NULL, `joining_date` datetime NOT NULL, `approving_manager_id` int(11), `crypted_password` varchar(40), `salt` varchar(40), `created_at` datetime, `updated_at` datetime, `remember_token` varchar(40), `remember_token_expires_at` datetime) ENGINE=InnoDB[0m
  [4;36;1mSQL (0.0ms)[0m   [0;1mSHOW KEYS FROM `employees`[0m
  [4;35;1mSQL (187.5ms)[0m   [0mCREATE UNIQUE INDEX `index_employees_on_login` ON `employees` (`login`)[0m
  [4;36;1mSQL (0.0ms)[0m   [0;1mSHOW TABLES[0m
  [4;35;1mSQL (62.5ms)[0m   [0mCREATE TABLE `leaves` (`id` int(11) DEFAULT NULL auto_increment PRIMARY KEY, `leave_type` varchar(50) NOT NULL, `employee_id` int(11) DEFAULT 0 NOT NULL, `casual_leaves` int(11) DEFAULT 0 NOT NULL, `privileged_leaves` int(11) DEFAULT 0 NOT NULL, `sick_leaves` int(11) DEFAULT 0 NOT NULL, `earned_leaves` int(11) DEFAULT 0 NOT NULL, `year` int(11) DEFAULT 0 NOT NULL, `created_at` datetime, `updated_at` datetime) ENGINE=InnoDB[0m
  [4;36;1mSQL (0.0ms)[0m   [0;1mSHOW TABLES[0m
  [4;35;1mSQL (62.5ms)[0m   [0mCREATE TABLE `pending_leave_requests` (`id` int(11) DEFAULT NULL auto_increment PRIMARY KEY, `leave_id` int(11) DEFAULT 0 NOT NULL, `employee_id` int(11) DEFAULT 0 NOT NULL, `created_at` datetime, `updated_at` datetime) ENGINE=InnoDB[0m
  [4;36;1mSQL (0.0ms)[0m   [0;1mSHOW TABLES[0m
  [4;35;1mSQL (62.5ms)[0m   [0mCREATE TABLE `rejected_leaves` (`id` int(11) DEFAULT NULL auto_increment PRIMARY KEY, `leave_id` int(11) DEFAULT 0 NOT NULL, `employee_id` int(11) DEFAULT 0 NOT NULL, `created_at` datetime, `updated_at` datetime) ENGINE=InnoDB[0m
  [4;36;1mSQL (0.0ms)[0m   [0;1mSHOW TABLES[0m
  [4;35;1mSQL (62.5ms)[0m   [0mCREATE TABLE `schema_migrations` (`version` varchar(255) NOT NULL) ENGINE=InnoDB[0m
  [4;36;1mSQL (0.0ms)[0m   [0;1mSHOW KEYS FROM `schema_migrations`[0m
  [4;35;1mSQL (171.9ms)[0m   [0mCREATE UNIQUE INDEX `unique_schema_migrations` ON `schema_migrations` (`version`)[0m
  [4;36;1mSQL (0.0ms)[0m   [0;1mSHOW TABLES[0m
  [4;35;1mSQL (0.0ms)[0m   [0mSELECT version FROM `schema_migrations`[0m
  [4;36;1mSQL (31.2ms)[0m   [0;1mINSERT INTO `schema_migrations` (version) VALUES ('20101207054735')[0m
  [4;35;1mSQL (31.2ms)[0m   [0mINSERT INTO `schema_migrations` (version) VALUES ('20101207045820')[0m
  [4;36;1mSQL (31.2ms)[0m   [0;1mINSERT INTO `schema_migrations` (version) VALUES ('20101207051408')[0m
  [4;35;1mSQL (31.2ms)[0m   [0mINSERT INTO `schema_migrations` (version) VALUES ('20101207054340')[0m
  [4;36;1mSQL (31.2ms)[0m   [0;1mINSERT INTO `schema_migrations` (version) VALUES ('20101207054722')[0m
  [4;36;1mSQL (0.0ms)[0m   [0;1mSET NAMES 'utf8'[0m
  [4;35;1mSQL (0.0ms)[0m   [0mSET SQL_AUTO_IS_NULL=0[0m
  [4;36;1mSQL (0.0ms)[0m   [0;1mSHOW TABLES[0m
  [4;35;1mSQL (0.0ms)[0m   [0mSELECT version FROM schema_migrations[0m
  [4;36;1mSQL (0.0ms)[0m   [0;1mSHOW TABLES[0m
  [4;35;1mSQL (0.0ms)[0m   [0mSELECT version FROM schema_migrations[0m
  [4;36;1mSQL (0.0ms)[0m   [0;1mSHOW TABLES[0m
  [4;35;1mSQL (0.0ms)[0m   [0mSELECT version FROM schema_migrations[0m
Migrating to CreateRejectedLeaves (20101207054735)
  [4;36;1mSQL (31.2ms)[0m   [0;1mDROP TABLE `rejected_leaves`[0m
  [4;35;1mSQL (31.2ms)[0m   [0mDELETE FROM schema_migrations WHERE version = '20101207054735'[0m
Migrating to CreateApprovedLeaves (20101207054722)
  [4;36;1mSQL (31.2ms)[0m   [0;1mDROP TABLE `approved_leaves`[0m
  [4;35;1mSQL (31.2ms)[0m   [0mDELETE FROM schema_migrations WHERE version = '20101207054722'[0m
Migrating to CreatePendingLeaveRequests (20101207054340)
  [4;36;1mSQL (31.2ms)[0m   [0;1mDROP TABLE `pending_leave_requests`[0m
  [4;35;1mSQL (31.2ms)[0m   [0mDELETE FROM schema_migrations WHERE version = '20101207054340'[0m
Migrating to CreateEmployees (20101207051408)
  [4;36;1mSQL (46.9ms)[0m   [0;1mDROP TABLE `employees`[0m
  [4;35;1mSQL (31.2ms)[0m   [0mDELETE FROM schema_migrations WHERE version = '20101207051408'[0m
Migrating to CreateLeaves (20101207045820)
  [4;36;1mSQL (0.0ms)[0m   [0;1mSET NAMES 'utf8'[0m
  [4;35;1mSQL (0.0ms)[0m   [0mSET SQL_AUTO_IS_NULL=0[0m
  [4;36;1mSQL (0.0ms)[0m   [0;1mSHOW TABLES[0m
  [4;35;1mSQL (0.0ms)[0m   [0mSELECT version FROM schema_migrations[0m
  [4;36;1mSQL (0.0ms)[0m   [0;1mSHOW TABLES[0m
  [4;35;1mSQL (0.0ms)[0m   [0mSELECT version FROM schema_migrations[0m
  [4;36;1mSQL (0.0ms)[0m   [0;1mSHOW TABLES[0m
  [4;35;1mSQL (0.0ms)[0m   [0mSELECT version FROM schema_migrations[0m
Migrating to CreateLeaves (20101207045820)
  [4;36;1mSQL (31.2ms)[0m   [0;1mDROP TABLE `leaves`[0m
  [4;35;1mSQL (31.2ms)[0m   [0mDELETE FROM schema_migrations WHERE version = '20101207045820'[0m
  [4;36;1mSQL (0.0ms)[0m   [0;1mSHOW TABLES[0m
  [4;35;1mSQL (0.0ms)[0m   [0mSELECT version FROM schema_migrations[0m
  [4;36;1mSQL (0.0ms)[0m   [0;1mSHOW TABLES[0m
  [4;36;1mSQL (0.0ms)[0m   [0;1mSET NAMES 'utf8'[0m
  [4;35;1mSQL (0.0ms)[0m   [0mSET SQL_AUTO_IS_NULL=0[0m
  [4;36;1mSQL (0.0ms)[0m   [0;1mSHOW TABLES[0m
  [4;35;1mSQL (0.0ms)[0m   [0mSELECT version FROM schema_migrations[0m
Migrating to CreateLeaves (20101207045820)
  [4;36;1mSQL (78.1ms)[0m   [0;1mCREATE TABLE `leaves` (`id` int(11) DEFAULT NULL auto_increment PRIMARY KEY, `leave_type` varchar(50) DEFAULT '' NOT NULL, `employee_id` int(11) DEFAULT 0 NOT NULL, `casual_leaves` int(11) DEFAULT 0 NOT NULL, `privileged_leaves` int(11) DEFAULT 0 NOT NULL, `sick_leaves` int(11) DEFAULT 0 NOT NULL, `earned_leaves` int(11) DEFAULT 0 NOT NULL, `year` int(11) DEFAULT 0 NOT NULL, `created_at` datetime, `updated_at` datetime) ENGINE=InnoDB[0m
  [4;35;1mSQL (31.2ms)[0m   [0mINSERT INTO schema_migrations (version) VALUES ('20101207045820')[0m
Migrating to CreateEmployees (20101207051408)
  [4;36;1mSQL (0.0ms)[0m   [0;1mSHOW TABLES[0m
  [4;35;1mSQL (78.1ms)[0m   [0mCREATE TABLE `employees` (`id` int(11) DEFAULT NULL auto_increment PRIMARY KEY, `login` varchar(40) DEFAULT '' NOT NULL, `first_name` varchar(100) DEFAULT '' NOT NULL, `last_name` varchar(100) DEFAULT '' NOT NULL, `email` varchar(100), `designation` varchar(50) DEFAULT '' NOT NULL, `joining_date` datetime DEFAULT '0000-00-00' NOT NULL, `approving_manager_id` int(11), `crypted_password` varchar(40), `salt` varchar(40), `created_at` datetime, `updated_at` datetime, `remember_token` varchar(40), `remember_token_expires_at` datetime) ENGINE=InnoDB[0m
  [4;36;1mSQL (0.0ms)[0m   [0;1mSHOW KEYS FROM `employees`[0m
  [4;35;1mSQL (187.5ms)[0m   [0mCREATE UNIQUE INDEX `index_employees_on_login` ON `employees` (`login`)[0m
  [4;36;1mSQL (46.9ms)[0m   [0;1mINSERT INTO schema_migrations (version) VALUES ('20101207051408')[0m
Migrating to CreatePendingLeaveRequests (20101207054340)
  [4;35;1mSQL (78.1ms)[0m   [0mCREATE TABLE `pending_leave_requests` (`id` int(11) DEFAULT NULL auto_increment PRIMARY KEY, `leave_id` int(11) DEFAULT 0 NOT NULL, `employee_id` int(11) DEFAULT 0 NOT NULL, `created_at` datetime, `updated_at` datetime) ENGINE=InnoDB[0m
  [4;36;1mSQL (31.2ms)[0m   [0;1mINSERT INTO schema_migrations (version) VALUES ('20101207054340')[0m
Migrating to CreateApprovedLeaves (20101207054722)
  [4;35;1mSQL (62.5ms)[0m   [0mCREATE TABLE `approved_leaves` (`id` int(11) DEFAULT NULL auto_increment PRIMARY KEY, `leave_id` int(11) DEFAULT 0 NOT NULL, `employee_id` int(11) DEFAULT 0 NOT NULL, `created_at` datetime, `updated_at` datetime) ENGINE=InnoDB[0m
  [4;36;1mSQL (15.6ms)[0m   [0;1mINSERT INTO schema_migrations (version) VALUES ('20101207054722')[0m
Migrating to CreateRejectedLeaves (20101207054735)
  [4;35;1mSQL (109.4ms)[0m   [0mCREATE TABLE `rejected_leaves` (`id` int(11) DEFAULT NULL auto_increment PRIMARY KEY, `leave_id` int(11) DEFAULT 0 NOT NULL, `employee_id` int(11) DEFAULT 0 NOT NULL, `created_at` datetime, `updated_at` datetime) ENGINE=InnoDB[0m
  [4;36;1mSQL (31.2ms)[0m   [0;1mINSERT INTO schema_migrations (version) VALUES ('20101207054735')[0m
  [4;35;1mSQL (0.0ms)[0m   [0mSHOW TABLES[0m
  [4;36;1mSQL (0.0ms)[0m   [0;1mSELECT version FROM schema_migrations[0m
  [4;35;1mSQL (0.0ms)[0m   [0mSHOW TABLES[0m
  [4;36;1mSQL (0.0ms)[0m   [0;1mSHOW FIELDS FROM `approved_leaves`[0m
  [4;35;1mSQL (15.6ms)[0m   [0mdescribe `approved_leaves`[0m
  [4;36;1mSQL (0.0ms)[0m   [0;1mSHOW KEYS FROM `approved_leaves`[0m
  [4;35;1mSQL (0.0ms)[0m   [0mSHOW FIELDS FROM `employees`[0m
  [4;36;1mSQL (0.0ms)[0m   [0;1mdescribe `employees`[0m
  [4;35;1mSQL (0.0ms)[0m   [0mSHOW KEYS FROM `employees`[0m
  [4;36;1mSQL (15.6ms)[0m   [0;1mSHOW FIELDS FROM `leaves`[0m
  [4;35;1mSQL (0.0ms)[0m   [0mdescribe `leaves`[0m
  [4;36;1mSQL (0.0ms)[0m   [0;1mSHOW KEYS FROM `leaves`[0m
  [4;35;1mSQL (15.6ms)[0m   [0mSHOW FIELDS FROM `pending_leave_requests`[0m
  [4;36;1mSQL (0.0ms)[0m   [0;1mdescribe `pending_leave_requests`[0m
  [4;35;1mSQL (15.6ms)[0m   [0mSHOW KEYS FROM `pending_leave_requests`[0m
  [4;36;1mSQL (0.0ms)[0m   [0;1mSHOW FIELDS FROM `rejected_leaves`[0m
  [4;35;1mSQL (15.6ms)[0m   [0mdescribe `rejected_leaves`[0m
  [4;36;1mSQL (0.0ms)[0m   [0;1mSHOW KEYS FROM `rejected_leaves`[0m
  [4;35;1mSQL (0.0ms)[0m   [0mSET NAMES 'utf8'[0m
  [4;36;1mSQL (0.0ms)[0m   [0;1mSET SQL_AUTO_IS_NULL=0[0m


Processing EmployeesController#new (for 127.0.0.1 at 2010-12-07 17:46:20) [GET]
  [4;35;1mEmployee Columns (0.0ms)[0m   [0mSHOW FIELDS FROM `employees`[0m
Rendering employees/new
Completed in 78ms (View: 47, DB: 0) | 200 OK [http://localhost/employees/new]
